-------------------------------------------------------------------------------
Test set: cl.kibernumacademy.datatables.RunCucumberTest
-------------------------------------------------------------------------------
Tests run: 5, Failures: 0, Errors: 5, Skipped: 0, Time elapsed: 13.5 s <<< FAILURE! - in cl.kibernumacademy.datatables.RunCucumberTest
Examples.Example #1.1  Time elapsed: 3.538 s  <<< ERROR!
io.cucumber.junit.platform.engine.UndefinedStepException: 
The step 'el sistema debería mostrar el mensaje "Pago procesado correctamente"' is undefined.
You can implement this step using the snippet(s) below:

@Then("el sistema debería mostrar el mensaje {string}")
public void el_sistema_debería_mostrar_el_mensaje(String string) {
    // Write code here that turns the phrase above into concrete actions
    throw new io.cucumber.java.PendingException();
}


Examples.Example #1.2  Time elapsed: 2.569 s  <<< ERROR!
io.cucumber.junit.platform.engine.UndefinedStepException: 
The step 'el sistema debería mostrar el mensaje "Monto debe ser mayor a cero"' is undefined.
You can implement this step using the snippet(s) below:

@Then("el sistema debería mostrar el mensaje {string}")
public void el_sistema_debería_mostrar_el_mensaje(String string) {
    // Write code here that turns the phrase above into concrete actions
    throw new io.cucumber.java.PendingException();
}


Examples.Example #1.3  Time elapsed: 2.415 s  <<< ERROR!
io.cucumber.junit.platform.engine.UndefinedStepException: 
The step 'el sistema debería mostrar el mensaje "Monto debe ser mayor a cero"' is undefined.
You can implement this step using the snippet(s) below:

@Then("el sistema debería mostrar el mensaje {string}")
public void el_sistema_debería_mostrar_el_mensaje(String string) {
    // Write code here that turns the phrase above into concrete actions
    throw new io.cucumber.java.PendingException();
}


Examples.Example #1.4  Time elapsed: 2.459 s  <<< ERROR!
io.cucumber.junit.platform.engine.UndefinedStepException: 
The step 'el sistema debería mostrar el mensaje "Pago procesado correctamente"' is undefined.
You can implement this step using the snippet(s) below:

@Then("el sistema debería mostrar el mensaje {string}")
public void el_sistema_debería_mostrar_el_mensaje(String string) {
    // Write code here that turns the phrase above into concrete actions
    throw new io.cucumber.java.PendingException();
}


Examples.Example #1.5  Time elapsed: 2.447 s  <<< ERROR!
io.cucumber.junit.platform.engine.UndefinedStepException: 
The step 'el sistema debería mostrar el mensaje "Medio de pago no seleccionado"' is undefined.
You can implement this step using the snippet(s) below:

@Then("el sistema debería mostrar el mensaje {string}")
public void el_sistema_debería_mostrar_el_mensaje(String string) {
    // Write code here that turns the phrase above into concrete actions
    throw new io.cucumber.java.PendingException();
}


